<?xml version="1.0" encoding="UTF-8"?>
<!-- Generated by org.testng.reporters.JUnitReportReporter -->
<testsuite skipped="0" hostname="Shailas-MacBook-Pro.local" name="com.training.Api_Testing_Automation.Api_Automation" tests="4" failures="0" timestamp="19 Jan 2021 01:46:53 GMT" time="7.197" errors="0">
  <testcase name="login_ValidCredentialsAndPasswords" time="2.064" classname="com.training.Api_Testing_Automation.Api_Automation"/>
  <testcase name="getDataForValidToken" time="2.579" classname="com.training.Api_Testing_Automation.Api_Automation"/>
  <testcase name="addData_ValidTokenandData" time="2.289" classname="com.training.Api_Testing_Automation.Api_Automation"/>
  <testcase name="DeleteData_ValidTokenandData" time="0.265" classname="com.training.Api_Testing_Automation.Api_Automation"/>
</testsuite> <!-- com.training.Api_Testing_Automation.Api_Automation -->
